<?xml version="1.0" encoding="UTF-8"?>
<robot generator="Robot 4.1 (Python 3.9.6 on win32)" generated="20210729 14:55:36.372" rpa="false" schemaversion="2">
<suite id="s1" name="Login" source="C:\Users\AliA\PycharmProjects\pythonProject\Tests\Login.robot">
<test id="s1-t1" name="Login">
<kw name="Open Chat21 Application" library="android-res">
<kw name="Open Application" library="AppiumLibrary">
<arg>http://localhost:4723/wd/hub</arg>
<arg>platformName=Android</arg>
<arg>deviceName=emulator-5554</arg>
<arg>appPackage=${CHAT21-APPLICATION-ID}</arg>
<arg>appActivity=${CHAT21-APPLICATION-ACTIVITY}</arg>
<arg>automationName=Uiautomator2</arg>
<doc>Opens a new application to given Appium server.
Capabilities of appium server, Android and iOS,
Please check https://github.com/appium/appium/blob/master/docs/en/writing-running-appium/server-args.md
| *Option*            | *Man.* | *Description*     |
| remote_url          | Yes    | Appium server url |
| alias               | no     | alias             |</doc>
<status status="PASS" starttime="20210729 14:55:36.521" endtime="20210729 14:55:44.244"/>
</kw>
<status status="PASS" starttime="20210729 14:55:36.521" endtime="20210729 14:55:44.244"/>
</kw>
<kw name="Signin With User" library="android-res">
<arg>${email}</arg>
<arg>${password}</arg>
<kw name="Input User Email" library="android-res">
<arg>${EMAIL}</arg>
<kw name="Verify Login Email Field Is Displayed" library="android-res">
<kw name="Wait Until Page Contains Element" library="AppiumLibrary">
<arg>${LOGIN-EMAIL-FIELD}</arg>
<doc>Waits until element specified with `locator` appears on current page.</doc>
<status status="PASS" starttime="20210729 14:55:44.246" endtime="20210729 14:55:44.723"/>
</kw>
<status status="PASS" starttime="20210729 14:55:44.245" endtime="20210729 14:55:44.723"/>
</kw>
<kw name="Input Text" library="AppiumLibrary">
<arg>${LOGIN-EMAIL-FIELD}</arg>
<arg>${EMAIL}</arg>
<doc>Types the given `text` into text field identified by `locator`.</doc>
<msg timestamp="20210729 14:55:44.724" level="INFO">Typing text 'hesap.test.99@gmail.com' into text field 'id=chat21.android.demo:id/email'</msg>
<status status="PASS" starttime="20210729 14:55:44.723" endtime="20210729 14:55:44.773"/>
</kw>
<status status="PASS" starttime="20210729 14:55:44.245" endtime="20210729 14:55:44.773"/>
</kw>
<kw name="Input User Password" library="android-res">
<arg>${USERPASSWORD}</arg>
<kw name="Input Text" library="AppiumLibrary">
<arg>${LOGIN-PASSWORD-FIELD}</arg>
<arg>${USERPASSWORD}</arg>
<doc>Types the given `text` into text field identified by `locator`.</doc>
<msg timestamp="20210729 14:55:44.775" level="INFO">Typing text 'hesaptest99' into text field 'chat21.android.demo:id/password'</msg>
<status status="PASS" starttime="20210729 14:55:44.774" endtime="20210729 14:55:45.307"/>
</kw>
<status status="PASS" starttime="20210729 14:55:44.773" endtime="20210729 14:55:45.307"/>
</kw>
<kw name="Submit Login" library="android-res">
<kw name="Click Element" library="AppiumLibrary">
<arg>${LOGIN-SIGNIN-BUTTON}</arg>
<doc>Click element identified by `locator`.</doc>
<msg timestamp="20210729 14:55:45.309" level="INFO">Clicking element 'id=chat21.android.demo:id/login'.</msg>
<status status="PASS" starttime="20210729 14:55:45.307" endtime="20210729 14:55:45.837"/>
</kw>
<status status="PASS" starttime="20210729 14:55:45.307" endtime="20210729 14:55:45.837"/>
</kw>
<kw name="Verify Login Is Successful" library="android-res">
<kw name="Wait Until Page Contains Element" library="AppiumLibrary">
<arg>${main-home-tab}</arg>
<doc>Waits until element specified with `locator` appears on current page.</doc>
<status status="PASS" starttime="20210729 14:55:45.838" endtime="20210729 14:55:48.389"/>
</kw>
<status status="PASS" starttime="20210729 14:55:45.837" endtime="20210729 14:55:48.390"/>
</kw>
<status status="PASS" starttime="20210729 14:55:44.245" endtime="20210729 14:55:48.390"/>
</kw>
<kw name="Logout With User" library="android-res">
<kw name="Go To Profile Page" library="android-res">
<kw name="Click Element" library="AppiumLibrary">
<arg>${MAIN-PROFILE-TAB}</arg>
<doc>Click element identified by `locator`.</doc>
<msg timestamp="20210729 14:55:48.393" level="INFO">Clicking element '//android.widget.TextView[@text="PROFILE"]'.</msg>
<status status="PASS" starttime="20210729 14:55:48.391" endtime="20210729 14:55:48.444"/>
</kw>
<kw name="Wait Until Page Contains Element" library="AppiumLibrary">
<arg>${PROFILE-LOGOUT-BUTTON}</arg>
<doc>Waits until element specified with `locator` appears on current page.</doc>
<status status="PASS" starttime="20210729 14:55:48.444" endtime="20210729 14:55:49.402"/>
</kw>
<status status="PASS" starttime="20210729 14:55:48.391" endtime="20210729 14:55:49.402"/>
</kw>
<kw name="Click The Logout Button" library="android-res">
<kw name="Click Element" library="AppiumLibrary">
<arg>${PROFILE-LOGOUT-BUTTON}</arg>
<doc>Click element identified by `locator`.</doc>
<msg timestamp="20210729 14:55:49.404" level="INFO">Clicking element 'id=chat21.android.demo:id/logout'.</msg>
<status status="PASS" starttime="20210729 14:55:49.403" endtime="20210729 14:55:49.448"/>
</kw>
<status status="PASS" starttime="20210729 14:55:49.402" endtime="20210729 14:55:49.448"/>
</kw>
<kw name="Verify Login Email Field Is Displayed" library="android-res">
<kw name="Wait Until Page Contains Element" library="AppiumLibrary">
<arg>${LOGIN-EMAIL-FIELD}</arg>
<doc>Waits until element specified with `locator` appears on current page.</doc>
<status status="PASS" starttime="20210729 14:55:49.448" endtime="20210729 14:55:49.494"/>
</kw>
<status status="PASS" starttime="20210729 14:55:49.448" endtime="20210729 14:55:49.494"/>
</kw>
<status status="PASS" starttime="20210729 14:55:48.390" endtime="20210729 14:55:49.494"/>
</kw>
<kw name="Signin With User" library="android-res">
<arg>${email2}</arg>
<arg>${password2}</arg>
<kw name="Input User Email" library="android-res">
<arg>${EMAIL}</arg>
<kw name="Verify Login Email Field Is Displayed" library="android-res">
<kw name="Wait Until Page Contains Element" library="AppiumLibrary">
<arg>${LOGIN-EMAIL-FIELD}</arg>
<doc>Waits until element specified with `locator` appears on current page.</doc>
<status status="PASS" starttime="20210729 14:55:49.495" endtime="20210729 14:55:50.448"/>
</kw>
<status status="PASS" starttime="20210729 14:55:49.495" endtime="20210729 14:55:50.448"/>
</kw>
<kw name="Input Text" library="AppiumLibrary">
<arg>${LOGIN-EMAIL-FIELD}</arg>
<arg>${EMAIL}</arg>
<doc>Types the given `text` into text field identified by `locator`.</doc>
<msg timestamp="20210729 14:55:50.450" level="INFO">Typing text 'test.hesap.98@gmail.com' into text field 'id=chat21.android.demo:id/email'</msg>
<status status="PASS" starttime="20210729 14:55:50.448" endtime="20210729 14:55:50.487"/>
</kw>
<status status="PASS" starttime="20210729 14:55:49.495" endtime="20210729 14:55:50.487"/>
</kw>
<kw name="Input User Password" library="android-res">
<arg>${USERPASSWORD}</arg>
<kw name="Input Text" library="AppiumLibrary">
<arg>${LOGIN-PASSWORD-FIELD}</arg>
<arg>${USERPASSWORD}</arg>
<doc>Types the given `text` into text field identified by `locator`.</doc>
<msg timestamp="20210729 14:55:50.489" level="INFO">Typing text 'testhesap98.' into text field 'chat21.android.demo:id/password'</msg>
<status status="PASS" starttime="20210729 14:55:50.488" endtime="20210729 14:55:51.008"/>
</kw>
<status status="PASS" starttime="20210729 14:55:50.487" endtime="20210729 14:55:51.008"/>
</kw>
<kw name="Submit Login" library="android-res">
<kw name="Click Element" library="AppiumLibrary">
<arg>${LOGIN-SIGNIN-BUTTON}</arg>
<doc>Click element identified by `locator`.</doc>
<msg timestamp="20210729 14:55:51.010" level="INFO">Clicking element 'id=chat21.android.demo:id/login'.</msg>
<status status="PASS" starttime="20210729 14:55:51.009" endtime="20210729 14:55:51.538"/>
</kw>
<status status="PASS" starttime="20210729 14:55:51.009" endtime="20210729 14:55:51.538"/>
</kw>
<kw name="Verify Login Is Successful" library="android-res">
<kw name="Wait Until Page Contains Element" library="AppiumLibrary">
<arg>${main-home-tab}</arg>
<doc>Waits until element specified with `locator` appears on current page.</doc>
<status status="PASS" starttime="20210729 14:55:51.539" endtime="20210729 14:55:52.892"/>
</kw>
<status status="PASS" starttime="20210729 14:55:51.539" endtime="20210729 14:55:52.892"/>
</kw>
<status status="PASS" starttime="20210729 14:55:49.495" endtime="20210729 14:55:52.892"/>
</kw>
<status status="PASS" starttime="20210729 14:55:36.520" endtime="20210729 14:55:52.893"/>
</test>
<status status="PASS" starttime="20210729 14:55:36.373" endtime="20210729 14:55:52.893"/>
</suite>
<statistics>
<total>
<stat pass="1" fail="0" skip="0">All Tests</stat>
</total>
<tag>
</tag>
<suite>
<stat pass="1" fail="0" skip="0" id="s1" name="Login">Login</stat>
</suite>
</statistics>
<errors>
</errors>
</robot>
